<?xml version="1.0" encoding="UTF-8"?>
<!-- Generated by org.testng.reporters.JUnitReportReporter -->
<testsuite hostname="LAPTOP-41Q0BVPO" name="Automation.Scenario1.Amazon" tests="1" failures="0" timestamp="31 Mar 2019 11:50:06 GMT" time="76.688" errors="0">
  <testcase name="AppTest" time="76.688" classname="Automation.Scenario1.Amazon"/>
</testsuite> <!-- Automation.Scenario1.Amazon -->
