<?xml version="1.0" encoding="UTF-8"?>
<!-- Generated by org.testng.reporters.JUnitReportReporter -->
<testsuite skipped="0" hostname="LAPTOP-41Q0BVPO" name="Automation.Scenario1.Facebook" tests="1" failures="0" timestamp="20 Jan 2019 12:19:31 GMT" time="33.417" errors="0">
  <testcase name="AppTest" time="33.417" classname="Automation.Scenario1.Facebook"/>
</testsuite> <!-- Automation.Scenario1.Facebook -->
